Added Pin To Net: NetName=GND Pin=D1-1
Added Pin To Net: NetName=LED_VCC2 Pin=D1-2
Added Pin To Net: NetName=GND Pin=D2-1
Added Pin To Net: NetName=LED_SENSE2 Pin=D2-2
Added Pin To Net: NetName=VCC Pin=P1-1
Added Pin To Net: NetName=NFET_DRAIN Pin=P1-2
Added Pin To Net: NetName=SCL Pin=P1-3
Added Pin To Net: NetName=SDA Pin=P1-4
Added Pin To Net: NetName=NFET_GATE1 Pin=P2-11
Added Pin To Net: NetName=LED_VCC1 Pin=P2-12
Added Pin To Net: NetName=LED_SENSE1 Pin=P2-13
Added Pin To Net: NetName=SCL Pin=P2-14
Added Pin To Net: NetName=SDA Pin=P2-15
Added Pin To Net: NetName=GND Pin=P2-20
Added Pin To Net: NetName=VCC Pin=P2-23
Added Pin To Net: NetName=NFET_GATE2 Pin=Q1-1
Added Pin To Net: NetName=GND Pin=Q1-2
Added Pin To Net: NetName=NFET_DRAIN Pin=Q1-3
Added Pin To Net: NetName=LED_VCC1 Pin=R1-1
Added Pin To Net: NetName=LED_VCC2 Pin=R1-2
Added Pin To Net: NetName=LED_SENSE1 Pin=R2-1
Added Pin To Net: NetName=LED_SENSE2 Pin=R2-2
Added Pin To Net: NetName=GND Pin=R3-1
Added Pin To Net: NetName=NFET_GATE2 Pin=R3-2
Added Pin To Net: NetName=NFET_GATE1 Pin=R4-1
Added Pin To Net: NetName=NFET_GATE2 Pin=R4-2
Added Member To Class: ClassName=Designator Member=Component D1 2V
Added Member To Class: ClassName=Designator Member=Component D2 2V
Added Member To Class: ClassName=Designator Member=Component P1 1x4 Header
Added Member To Class: ClassName=Designator Member=Component P2 To J2 & J4
Added Member To Class: ClassName=Designator Member=Component Q1 BSS123
Added Member To Class: ClassName=Designator Member=Component R1 240
Added Member To Class: ClassName=Designator Member=Component R2 240
Added Member To Class: ClassName=Designator Member=Component R3 10k
Added Member To Class: ClassName=Designator Member=Component R4 549
